<?xml version="1.0" encoding="UTF-8"?>
<!-- Generated by org.testng.reporters.JUnitReportReporter -->
<testsuite skipped="0" hostname="DESKTOP-1C4CF3E" name="com.hybrid.testCase.TC_AddCustomerTest_003" tests="1" failures="0" timestamp="15 Dec 2020 12:53:15 GMT" time="31.368" errors="0">
  <testcase name="addNewCustomer" time="31.368" classname="com.hybrid.testCase.TC_AddCustomerTest_003"/>
</testsuite> <!-- com.hybrid.testCase.TC_AddCustomerTest_003 -->
