<?xml version="1.0" encoding="UTF-8"?>
<!-- Generated by org.testng.reporters.JUnitReportReporter -->
<testsuite skipped="0" hostname="DESKTOP-1C4CF3E" name="com.hybrid.testCase.TC_LoginText_001" tests="1" failures="0" timestamp="15 Dec 2020 11:49:04 GMT" time="17.342" errors="0">
  <testcase name="loginTest" time="17.342" classname="com.hybrid.testCase.TC_LoginText_001"/>
</testsuite> <!-- com.hybrid.testCase.TC_LoginText_001 -->
